<?xml version="1.0" encoding="UTF-8"?>
<testsuite name="BasicChessBoardValidations" tests="4" skipped="0" failures="0" errors="0" timestamp="2018-05-15T09:36:25" hostname="Dineshs-MacBook-Pro.local" time="0.026">
  <properties/>
  <testcase name="incorrectRooksCountTest" classname="BasicChessBoardValidations" time="0.022"/>
  <testcase name="incorrectBishopsCountTest" classname="BasicChessBoardValidations" time="0.001"/>
  <testcase name="incorrectKnightsCountTest" classname="BasicChessBoardValidations" time="0.001"/>
  <testcase name="incorrectPawnsCountTest" classname="BasicChessBoardValidations" time="0.001"/>
  <system-out><![CDATA[]]></system-out>
  <system-err><![CDATA[]]></system-err>
</testsuite>
