<?xml version="1.0" encoding="UTF-8"?>
<testsuite name="WriteChessSituationToFileTests" tests="3" skipped="0" failures="0" errors="0" timestamp="2018-05-15T09:36:25" hostname="Dineshs-MacBook-Pro.local" time="0.029">
  <properties/>
  <testcase name="writeChessSituationToFileTest" classname="WriteChessSituationToFileTests" time="0.025"/>
  <testcase name="createChessSituationAndStoreToFileTest" classname="WriteChessSituationToFileTests" time="0.002"/>
  <testcase name="writeChessStartupSituationToFileTest" classname="WriteChessSituationToFileTests" time="0.002"/>
  <system-out><![CDATA[]]></system-out>
  <system-err><![CDATA[]]></system-err>
</testsuite>
